19:33:44: Creating resource group General
19:33:44: Creating resource group Internal
19:33:44: Creating resource group Autodetect
19:33:44: SceneManagerFactory for type 'DefaultSceneManager' registered.
19:33:44: Registering ResourceManager for type Material
19:33:44: Registering ResourceManager for type Mesh
19:33:44: Registering ResourceManager for type Skeleton
19:33:44: MovableObjectFactory for type 'ParticleSystem' registered.
19:33:44: OverlayElementFactory for type Panel registered.
19:33:44: OverlayElementFactory for type BorderPanel registered.
19:33:44: OverlayElementFactory for type TextArea registered.
19:33:44: Registering ResourceManager for type Font
19:33:44: ArchiveFactory for archive type FileSystem registered.
19:33:44: ArchiveFactory for archive type Zip registered.
19:33:44: FreeImage version: 3.9.2
19:33:44: This program uses FreeImage, a free, open source image library supporting all common bitmap formats. See http://freeimage.sourceforge.net for details
19:33:44: Supported formats: bmp,ico,jpg,jif,jpeg,jpe,jng,koa,iff,lbm,mng,pbm,pbm,pcd,pcx,pgm,pgm,png,ppm,ppm,ras,tga,targa,tif,tiff,wap,wbmp,wbm,psd,cut,xbm,xpm,gif,hdr,g3,sgi
19:33:44: DDS codec registering
19:33:44: Registering ResourceManager for type HighLevelGpuProgram
19:33:44: Registering ResourceManager for type Compositor
19:33:44: MovableObjectFactory for type 'Entity' registered.
19:33:44: MovableObjectFactory for type 'Light' registered.
19:33:44: MovableObjectFactory for type 'BillboardSet' registered.
19:33:44: MovableObjectFactory for type 'ManualObject' registered.
19:33:44: MovableObjectFactory for type 'BillboardChain' registered.
19:33:44: MovableObjectFactory for type 'RibbonTrail' registered.
19:33:44: Loading library system\RenderSystem_Direct3D9.dll
19:33:45: Installing plugin: D3D9 RenderSystem
19:33:45: D3D9 : Direct3D9 Rendering Subsystem created.
19:33:45: D3D9: Driver Detection Starts
19:33:45: D3D9: Driver Detection Ends
19:33:45: Plugin successfully installed
19:33:45: Loading library system\RenderSystem_GL.dll
19:33:45: Installing plugin: GL RenderSystem
19:33:45: OpenGL Rendering Subsystem created.
19:33:45: Plugin successfully installed
19:33:45: *-*-* OGRE Initialising
19:33:45: *-*-* Version 1.4.5 (Eihort)
19:33:45: Added resource location './media' of type 'FileSystem' to resource group 'General'
19:33:45: D3D9 : RenderSystem Option: Allow NVPerfHUD = No
19:33:45: D3D9 : RenderSystem Option: Anti aliasing = None
19:33:45: D3D9 : RenderSystem Option: Floating-point mode = Fastest
19:33:45: D3D9 : RenderSystem Option: Full Screen = No
19:33:45: D3D9 : RenderSystem Option: Rendering Device = NVIDIA GeForce 6600 GT
19:33:45: D3D9 : RenderSystem Option: VSync = No
19:33:45: D3D9 : RenderSystem Option: Video Mode = 800 x 600 @ 32-bit colour
19:33:45: CPU Identifier & Features
19:33:45: -------------------------
19:33:45:  *   CPU ID: AuthenticAMD: AMD Athlon(tm)
19:33:45:  *      SSE: yes
19:33:45:  *     SSE2: no
19:33:45:  *     SSE3: no
19:33:45:  *      MMX: yes
19:33:45:  *   MMXEXT: yes
19:33:45:  *    3DNOW: yes
19:33:45:  * 3DNOWEXT: yes
19:33:45:  *     CMOV: yes
19:33:45:  *      TSC: yes
19:33:45:  *      FPU: yes
19:33:45:  *      PRO: yes
19:33:45:  *       HT: no
19:33:45: -------------------------
19:33:45: D3D9 : Subsystem Initialising
19:33:45: D3D9RenderSystem::createRenderWindow "Assault Vector", 800x600 windowed  miscParams: FSAA=0 FSAAQuality=0 colourDepth=32 useNVPerfHUD=false vsync=false 
19:33:45: D3D9 : Created D3D9 Rendering Window 'Assault Vector' : 800x600, 32bpp
19:33:45: D3D9 : WARNING - disabling VSync in windowed mode can cause timing issues at lower frame rates, turn VSync on if you observe this problem.
19:33:45: Registering ResourceManager for type Texture
19:33:45: Registering ResourceManager for type GpuProgram
19:33:45: D3D9: Vertex texture format supported - PF_FLOAT32_RGB
19:33:45: D3D9: Vertex texture format supported - PF_FLOAT32_RGBA
19:33:45: D3D9: Vertex texture format supported - PF_FLOAT32_R
19:33:45: RenderSystem capabilities
19:33:45: -------------------------
19:33:45:  * Hardware generation of mipmaps: yes
19:33:45:  * Texture blending: yes
19:33:45:  * Anisotropic texture filtering: yes
19:33:45:  * Dot product texture operation: yes
19:33:45:  * Cube mapping: yes
19:33:45:  * Hardware stencil buffer: yes
19:33:45:    - Stencil depth: 8
19:33:45:    - Two sided stencil support: yes
19:33:45:    - Wrap stencil values: yes
19:33:45:  * Hardware vertex / index buffers: yes
19:33:45:  * Vertex programs: yes
19:33:45:    - Max vertex program version: vs_3_0
19:33:45:  * Fragment programs: yes
19:33:45:    - Max fragment program version: ps_3_0
19:33:45:  * Texture Compression: yes
19:33:45:    - DXT: yes
19:33:45:    - VTC: no
19:33:45:  * Scissor Rectangle: yes
19:33:45:  * Hardware Occlusion Query: yes
19:33:45:  * User clip planes: yes
19:33:45:  * VET_UBYTE4 vertex element type: yes
19:33:45:  * Infinite far plane projection: yes
19:33:45:  * Hardware render-to-texture: yes
19:33:45:  * Floating point textures: yes
19:33:45:  * Non-power-of-two textures: yes
19:33:45:  * Volume textures: yes
19:33:45:  * Multiple Render Targets: 4
19:33:45:  * Point Sprites: yes
19:33:45:  * Extended point parameters: yes
19:33:45:  * Max Point Size: 8192
19:33:45:  * Vertex texture fetch: yes
19:33:45:    - Max vertex textures: 4
19:33:45:    - Vertex textures shared: no
19:33:45: ***************************************
19:33:45: *** D3D9 : Subsystem Initialised OK ***
19:33:45: ***************************************
19:33:45: ResourceBackgroundQueue - threading disabled
19:33:45: Particle Renderer Type 'billboard' registered
19:33:45: Parsing scripts for resource group Autodetect
19:33:45: Finished parsing scripts for resource group Autodetect
19:33:45: Parsing scripts for resource group General
19:33:45: Parsing script console.material
19:33:45: Parsing script console.fontdef
19:33:45: Parsing script console.overlay
19:33:45: Font Consoleusing texture size 512x256
19:33:45: Info: Freetype returned null for character 141 in font Console
19:33:45: Info: Freetype returned null for character 160 in font Console
19:33:45: Texture: ConsoleTexture: Loading 1 faces(PF_BYTE_LA,512x256x1) with 0 generated mipmaps from Image. Internal format is PF_BYTE_LA,512x256x1.
19:33:45: Finished parsing scripts for resource group General
19:33:45: Parsing scripts for resource group Internal
19:33:45: Finished parsing scripts for resource group Internal
19:33:45: Creating viewport on target 'Assault Vector', rendering from camera 'Camera', relative dimensions L: 0.00 T: 0.00 W: 1.00 H: 1.00 ZOrder: 0
